<?xml version="1.0" encoding="UTF-8"?>
<testsuites>
  <testsuite name="" tests="6" assertions="12" errors="0" warnings="0" failures="0" skipped="0" time="0.189547">
    <testsuite name="CodeIgniter Application Test Suite" tests="6" assertions="12" errors="0" warnings="0" failures="0" skipped="0" time="0.189547">
      <testsuite name="Hdf_utility_helper_test" file="C:\xampp\htdocs\fides\hdf_app\tests\helpers\Hdf_utility_helper_test.php" tests="2" assertions="5" errors="0" warnings="0" failures="0" skipped="0" time="0.067225">
        <testcase name="test_datesBetween_returns_correct_range" class="Hdf_utility_helper_test" classname="Hdf_utility_helper_test" file="C:\xampp\htdocs\fides\hdf_app\tests\helpers\Hdf_utility_helper_test.php" line="9" assertions="4" time="0.040112"/>
        <testcase name="test_determinePeriod_returns_am_or_pm" class="Hdf_utility_helper_test" classname="Hdf_utility_helper_test" file="C:\xampp\htdocs\fides\hdf_app\tests\helpers\Hdf_utility_helper_test.php" line="22" assertions="1" time="0.027113"/>
      </testsuite>
      <testsuite name="Get_model_test" file="C:\xampp\htdocs\fides\hdf_app\tests\models\Get_model_test.php" tests="4" assertions="7" errors="0" warnings="0" failures="0" skipped="0" time="0.122322">
        <testcase name="test_checkAvailabilityInRange_returns_bookings" class="Get_model_test" classname="Get_model_test" file="C:\xampp\htdocs\fides\hdf_app\tests\models\Get_model_test.php" line="10" assertions="2" time="0.027920"/>
        <testcase name="test_checkAvailabilityInRange_no_overlap" class="Get_model_test" classname="Get_model_test" file="C:\xampp\htdocs\fides\hdf_app\tests\models\Get_model_test.php" line="46" assertions="1" time="0.027030"/>
        <testcase name="test_getCheckInCount_AM" class="Get_model_test" classname="Get_model_test" file="C:\xampp\htdocs\fides\hdf_app\tests\models\Get_model_test.php" line="89" assertions="2" time="0.030693"/>
        <testcase name="test_getCheckInCount_PM" class="Get_model_test" classname="Get_model_test" file="C:\xampp\htdocs\fides\hdf_app\tests\models\Get_model_test.php" line="145" assertions="2" time="0.036678"/>
      </testsuite>
    </testsuite>
  </testsuite>
</testsuites>
