<?xml version="1.0" encoding="UTF-8"?>
<testsuites>
  <testsuite name="Get_model_test" file="C:\xampp\htdocs\fides\hdf_app\tests\models\Get_model_test.php" tests="5" assertions="8" errors="0" warnings="0" failures="0" skipped="0" time="0.245467">
    <testcase name="test_checkAvailabilityInRange_returns_bookings" class="Get_model_test" classname="Get_model_test" file="C:\xampp\htdocs\fides\hdf_app\tests\models\Get_model_test.php" line="10" assertions="2" time="0.044754"/>
    <testcase name="test_checkAvailabilityInRange_no_overlap" class="Get_model_test" classname="Get_model_test" file="C:\xampp\htdocs\fides\hdf_app\tests\models\Get_model_test.php" line="46" assertions="1" time="0.038916"/>
    <testcase name="test_getCheckInCount_AM" class="Get_model_test" classname="Get_model_test" file="C:\xampp\htdocs\fides\hdf_app\tests\models\Get_model_test.php" line="89" assertions="2" time="0.042566"/>
    <testcase name="test_getCheckInCount_PM" class="Get_model_test" classname="Get_model_test" file="C:\xampp\htdocs\fides\hdf_app\tests\models\Get_model_test.php" line="153" assertions="2" time="0.057767"/>
    <testcase name="test_getCheckInGuests" class="Get_model_test" classname="Get_model_test" file="C:\xampp\htdocs\fides\hdf_app\tests\models\Get_model_test.php" line="204" assertions="1" time="0.061463"/>
  </testsuite>
</testsuites>
